<?xml version="1.0" encoding="UTF-8"?>
<testsuite xmlns:xsi="http://www.w3.org/2001/XMLSchema-instance" xsi:noNamespaceSchemaLocation="https://maven.apache.org/surefire/maven-surefire-plugin/xsd/surefire-test-report-3.0.xsd" version="3.0" name="com.udacity.catpoint.security.service.SecurityServiceTest" time="0.443" tests="14" errors="0" skipped="0" failures="0">
  <properties>
    <property name="java.specification.version" value="17"/>
    <property name="sun.cpu.isalist" value="amd64"/>
    <property name="sun.jnu.encoding" value="Cp1252"/>
    <property name="java.class.path" value="C:\Users\rhelt\Downloads\UdaSecuritySubmissionRev2\starter\security-service\target\test-classes;C:\Users\rhelt\.m2\repository\org\mockito\mockito-junit-jupiter\4.11.0\mockito-junit-jupiter-4.11.0.jar;C:\Users\rhelt\.m2\repository\org\junit\jupiter\junit-jupiter-api\5.9.1\junit-jupiter-api-5.9.1.jar;C:\Users\rhelt\.m2\repository\org\opentest4j\opentest4j\1.2.0\opentest4j-1.2.0.jar;C:\Users\rhelt\.m2\repository\org\junit\platform\junit-platform-commons\1.9.1\junit-platform-commons-1.9.1.jar;C:\Users\rhelt\.m2\repository\org\apiguardian\apiguardian-api\1.1.2\apiguardian-api-1.1.2.jar;C:\Users\rhelt\.m2\repository\org\junit\jupiter\junit-jupiter\5.8.2\junit-jupiter-5.8.2.jar;C:\Users\rhelt\.m2\repository\org\junit\jupiter\junit-jupiter-params\5.8.2\junit-jupiter-params-5.8.2.jar;C:\Users\rhelt\.m2\repository\org\junit\jupiter\junit-jupiter-engine\5.8.2\junit-jupiter-engine-5.8.2.jar;C:\Users\rhelt\.m2\repository\org\junit\platform\junit-platform-engine\1.8.2\junit-platform-engine-1.8.2.jar;C:\Users\rhelt\.m2\repository\org\mockito\mockito-core\4.8.0\mockito-core-4.8.0.jar;C:\Users\rhelt\.m2\repository\net\bytebuddy\byte-buddy\1.12.14\byte-buddy-1.12.14.jar;C:\Users\rhelt\.m2\repository\net\bytebuddy\byte-buddy-agent\1.12.14\byte-buddy-agent-1.12.14.jar;C:\Users\rhelt\.m2\repository\org\objenesis\objenesis\3.2\objenesis-3.2.jar;C:\Users\rhelt\.m2\repository\com\google\guava\failureaccess\1.0.2\failureaccess-1.0.2.jar;C:\Users\rhelt\.m2\repository\com\google\guava\listenablefuture\9999.0-empty-to-avoid-conflict-with-guava\listenablefuture-9999.0-empty-to-avoid-conflict-with-guava.jar;C:\Users\rhelt\.m2\repository\com\google\code\findbugs\jsr305\3.0.2\jsr305-3.0.2.jar;C:\Users\rhelt\.m2\repository\org\checkerframework\checker-qual\3.41.0\checker-qual-3.41.0.jar;C:\Users\rhelt\.m2\repository\com\google\errorprone\error_prone_annotations\2.23.0\error_prone_annotations-2.23.0.jar;C:\Users\rhelt\.m2\repository\com\google\j2objc\j2objc-annotations\2.8\j2objc-annotations-2.8.jar;C:\Users\rhelt\.m2\repository\software\amazon\awssdk\aws-json-protocol\2.20.43\aws-json-protocol-2.20.43.jar;C:\Users\rhelt\.m2\repository\software\amazon\awssdk\third-party-jackson-core\2.20.43\third-party-jackson-core-2.20.43.jar;C:\Users\rhelt\.m2\repository\software\amazon\awssdk\protocol-core\2.20.43\protocol-core-2.20.43.jar;C:\Users\rhelt\.m2\repository\org\reactivestreams\reactive-streams\1.0.3\reactive-streams-1.0.3.jar;C:\Users\rhelt\.m2\repository\software\amazon\awssdk\http-client-spi\2.20.43\http-client-spi-2.20.43.jar;C:\Users\rhelt\.m2\repository\software\amazon\awssdk\annotations\2.20.43\annotations-2.20.43.jar;C:\Users\rhelt\.m2\repository\software\amazon\awssdk\utils\2.20.43\utils-2.20.43.jar;C:\Users\rhelt\.m2\repository\software\amazon\awssdk\aws-core\2.20.43\aws-core-2.20.43.jar;C:\Users\rhelt\.m2\repository\software\amazon\awssdk\metrics-spi\2.20.43\metrics-spi-2.20.43.jar;C:\Users\rhelt\.m2\repository\software\amazon\awssdk\json-utils\2.20.43\json-utils-2.20.43.jar;C:\Users\rhelt\.m2\repository\software\amazon\awssdk\endpoints-spi\2.20.43\endpoints-spi-2.20.43.jar;C:\Users\rhelt\.m2\repository\software\amazon\awssdk\apache-client\2.20.43\apache-client-2.20.43.jar;C:\Users\rhelt\.m2\repository\org\apache\httpcomponents\httpclient\4.5.13\httpclient-4.5.13.jar;C:\Users\rhelt\.m2\repository\commons-logging\commons-logging\1.2\commons-logging-1.2.jar;C:\Users\rhelt\.m2\repository\org\apache\httpcomponents\httpcore\4.4.13\httpcore-4.4.13.jar;C:\Users\rhelt\.m2\repository\commons-codec\commons-codec\1.15\commons-codec-1.15.jar;C:\Users\rhelt\.m2\repository\software\amazon\awssdk\netty-nio-client\2.20.43\netty-nio-client-2.20.43.jar;C:\Users\rhelt\.m2\repository\io\netty\netty-codec-http\4.1.86.Final\netty-codec-http-4.1.86.Final.jar;C:\Users\rhelt\.m2\repository\io\netty\netty-codec-http2\4.1.86.Final\netty-codec-http2-4.1.86.Final.jar;C:\Users\rhelt\.m2\repository\io\netty\netty-codec\4.1.86.Final\netty-codec-4.1.86.Final.jar;C:\Users\rhelt\.m2\repository\io\netty\netty-transport\4.1.86.Final\netty-transport-4.1.86.Final.jar;C:\Users\rhelt\.m2\repository\io\netty\netty-resolver\4.1.86.Final\netty-resolver-4.1.86.Final.jar;C:\Users\rhelt\.m2\repository\io\netty\netty-common\4.1.86.Final\netty-common-4.1.86.Final.jar;C:\Users\rhelt\.m2\repository\io\netty\netty-buffer\4.1.86.Final\netty-buffer-4.1.86.Final.jar;C:\Users\rhelt\.m2\repository\io\netty\netty-handler\4.1.86.Final\netty-handler-4.1.86.Final.jar;C:\Users\rhelt\.m2\repository\io\netty\netty-transport-native-unix-common\4.1.86.Final\netty-transport-native-unix-common-4.1.86.Final.jar;C:\Users\rhelt\.m2\repository\io\netty\netty-transport-classes-epoll\4.1.86.Final\netty-transport-classes-epoll-4.1.86.Final.jar;C:\Users\rhelt\.m2\repository\software\amazon\awssdk\profiles\2.20.43\profiles-2.20.43.jar;C:\Users\rhelt\.m2\repository\software\amazon\eventstream\eventstream\1.0.1\eventstream-1.0.1.jar;"/>
    <property name="java.vm.vendor" value="Oracle Corporation"/>
    <property name="sun.arch.data.model" value="64"/>
    <property name="user.variant" value=""/>
    <property name="java.vendor.url" value="https://java.oracle.com/"/>
    <property name="user.timezone" value="America/Denver"/>
    <property name="os.name" value="Windows 11"/>
    <property name="java.vm.specification.version" value="17"/>
    <property name="sun.java.launcher" value="SUN_STANDARD"/>
    <property name="user.country" value="US"/>
    <property name="sun.boot.library.path" value="C:\Program Files\Java\jdk-17\bin"/>
    <property name="sun.java.command" value="org.apache.maven.surefire.booter.ForkedBooter C:\Users\rhelt\AppData\Local\Temp\surefire8341924996365449729 2025-01-24T03-17-03_773-jvmRun1 surefire-20250124031734268_1tmp surefire_0-20250124031734268_2tmp"/>
    <property name="jdk.debug" value="release"/>
    <property name="surefire.test.class.path" value="C:\Users\rhelt\Downloads\UdaSecuritySubmissionRev2\starter\security-service\target\test-classes;C:\Users\rhelt\.m2\repository\org\mockito\mockito-junit-jupiter\4.11.0\mockito-junit-jupiter-4.11.0.jar;C:\Users\rhelt\.m2\repository\org\junit\jupiter\junit-jupiter-api\5.9.1\junit-jupiter-api-5.9.1.jar;C:\Users\rhelt\.m2\repository\org\opentest4j\opentest4j\1.2.0\opentest4j-1.2.0.jar;C:\Users\rhelt\.m2\repository\org\junit\platform\junit-platform-commons\1.9.1\junit-platform-commons-1.9.1.jar;C:\Users\rhelt\.m2\repository\org\apiguardian\apiguardian-api\1.1.2\apiguardian-api-1.1.2.jar;C:\Users\rhelt\.m2\repository\org\junit\jupiter\junit-jupiter\5.8.2\junit-jupiter-5.8.2.jar;C:\Users\rhelt\.m2\repository\org\junit\jupiter\junit-jupiter-params\5.8.2\junit-jupiter-params-5.8.2.jar;C:\Users\rhelt\.m2\repository\org\junit\jupiter\junit-jupiter-engine\5.8.2\junit-jupiter-engine-5.8.2.jar;C:\Users\rhelt\.m2\repository\org\junit\platform\junit-platform-engine\1.8.2\junit-platform-engine-1.8.2.jar;C:\Users\rhelt\.m2\repository\org\mockito\mockito-core\4.8.0\mockito-core-4.8.0.jar;C:\Users\rhelt\.m2\repository\net\bytebuddy\byte-buddy\1.12.14\byte-buddy-1.12.14.jar;C:\Users\rhelt\.m2\repository\net\bytebuddy\byte-buddy-agent\1.12.14\byte-buddy-agent-1.12.14.jar;C:\Users\rhelt\.m2\repository\org\objenesis\objenesis\3.2\objenesis-3.2.jar;C:\Users\rhelt\.m2\repository\com\google\guava\failureaccess\1.0.2\failureaccess-1.0.2.jar;C:\Users\rhelt\.m2\repository\com\google\guava\listenablefuture\9999.0-empty-to-avoid-conflict-with-guava\listenablefuture-9999.0-empty-to-avoid-conflict-with-guava.jar;C:\Users\rhelt\.m2\repository\com\google\code\findbugs\jsr305\3.0.2\jsr305-3.0.2.jar;C:\Users\rhelt\.m2\repository\org\checkerframework\checker-qual\3.41.0\checker-qual-3.41.0.jar;C:\Users\rhelt\.m2\repository\com\google\errorprone\error_prone_annotations\2.23.0\error_prone_annotations-2.23.0.jar;C:\Users\rhelt\.m2\repository\com\google\j2objc\j2objc-annotations\2.8\j2objc-annotations-2.8.jar;C:\Users\rhelt\.m2\repository\software\amazon\awssdk\aws-json-protocol\2.20.43\aws-json-protocol-2.20.43.jar;C:\Users\rhelt\.m2\repository\software\amazon\awssdk\third-party-jackson-core\2.20.43\third-party-jackson-core-2.20.43.jar;C:\Users\rhelt\.m2\repository\software\amazon\awssdk\protocol-core\2.20.43\protocol-core-2.20.43.jar;C:\Users\rhelt\.m2\repository\org\reactivestreams\reactive-streams\1.0.3\reactive-streams-1.0.3.jar;C:\Users\rhelt\.m2\repository\software\amazon\awssdk\http-client-spi\2.20.43\http-client-spi-2.20.43.jar;C:\Users\rhelt\.m2\repository\software\amazon\awssdk\annotations\2.20.43\annotations-2.20.43.jar;C:\Users\rhelt\.m2\repository\software\amazon\awssdk\utils\2.20.43\utils-2.20.43.jar;C:\Users\rhelt\.m2\repository\software\amazon\awssdk\aws-core\2.20.43\aws-core-2.20.43.jar;C:\Users\rhelt\.m2\repository\software\amazon\awssdk\metrics-spi\2.20.43\metrics-spi-2.20.43.jar;C:\Users\rhelt\.m2\repository\software\amazon\awssdk\json-utils\2.20.43\json-utils-2.20.43.jar;C:\Users\rhelt\.m2\repository\software\amazon\awssdk\endpoints-spi\2.20.43\endpoints-spi-2.20.43.jar;C:\Users\rhelt\.m2\repository\software\amazon\awssdk\apache-client\2.20.43\apache-client-2.20.43.jar;C:\Users\rhelt\.m2\repository\org\apache\httpcomponents\httpclient\4.5.13\httpclient-4.5.13.jar;C:\Users\rhelt\.m2\repository\commons-logging\commons-logging\1.2\commons-logging-1.2.jar;C:\Users\rhelt\.m2\repository\org\apache\httpcomponents\httpcore\4.4.13\httpcore-4.4.13.jar;C:\Users\rhelt\.m2\repository\commons-codec\commons-codec\1.15\commons-codec-1.15.jar;C:\Users\rhelt\.m2\repository\software\amazon\awssdk\netty-nio-client\2.20.43\netty-nio-client-2.20.43.jar;C:\Users\rhelt\.m2\repository\io\netty\netty-codec-http\4.1.86.Final\netty-codec-http-4.1.86.Final.jar;C:\Users\rhelt\.m2\repository\io\netty\netty-codec-http2\4.1.86.Final\netty-codec-http2-4.1.86.Final.jar;C:\Users\rhelt\.m2\repository\io\netty\netty-codec\4.1.86.Final\netty-codec-4.1.86.Final.jar;C:\Users\rhelt\.m2\repository\io\netty\netty-transport\4.1.86.Final\netty-transport-4.1.86.Final.jar;C:\Users\rhelt\.m2\repository\io\netty\netty-resolver\4.1.86.Final\netty-resolver-4.1.86.Final.jar;C:\Users\rhelt\.m2\repository\io\netty\netty-common\4.1.86.Final\netty-common-4.1.86.Final.jar;C:\Users\rhelt\.m2\repository\io\netty\netty-buffer\4.1.86.Final\netty-buffer-4.1.86.Final.jar;C:\Users\rhelt\.m2\repository\io\netty\netty-handler\4.1.86.Final\netty-handler-4.1.86.Final.jar;C:\Users\rhelt\.m2\repository\io\netty\netty-transport-native-unix-common\4.1.86.Final\netty-transport-native-unix-common-4.1.86.Final.jar;C:\Users\rhelt\.m2\repository\io\netty\netty-transport-classes-epoll\4.1.86.Final\netty-transport-classes-epoll-4.1.86.Final.jar;C:\Users\rhelt\.m2\repository\software\amazon\awssdk\profiles\2.20.43\profiles-2.20.43.jar;C:\Users\rhelt\.m2\repository\software\amazon\eventstream\eventstream\1.0.1\eventstream-1.0.1.jar;"/>
    <property name="sun.cpu.endian" value="little"/>
    <property name="user.home" value="C:\Users\rhelt"/>
    <property name="user.language" value="en"/>
    <property name="java.specification.vendor" value="Oracle Corporation"/>
    <property name="jdk.module.path" value="C:\Users\rhelt\Downloads\UdaSecuritySubmissionRev2\starter\security-service\target\classes;C:\Users\rhelt\.m2\repository\com\google\guava\guava\33.0.0-jre\guava-33.0.0-jre.jar;C:\Users\rhelt\.m2\repository\com\google\code\gson\gson\2.8.9\gson-2.8.9.jar;C:\Users\rhelt\.m2\repository\com\miglayout\miglayout\3.7.3\miglayout-3.7.3.jar;C:\Users\rhelt\Downloads\UdaSecuritySubmissionRev2\starter\image-service\target\image-service-1.0-SNAPSHOT.jar;C:\Users\rhelt\.m2\repository\software\amazon\awssdk\rekognition\2.20.43\rekognition-2.20.43.jar;C:\Users\rhelt\.m2\repository\software\amazon\awssdk\sdk-core\2.20.43\sdk-core-2.20.43.jar;C:\Users\rhelt\.m2\repository\software\amazon\awssdk\auth\2.20.43\auth-2.20.43.jar;C:\Users\rhelt\.m2\repository\software\amazon\awssdk\regions\2.20.43\regions-2.20.43.jar;C:\Users\rhelt\.m2\repository\org\slf4j\slf4j-api\2.0.9\slf4j-api-2.0.9.jar;C:\Users\rhelt\.m2\repository\org\slf4j\slf4j-simple\2.0.9\slf4j-simple-2.0.9.jar"/>
    <property name="java.version.date" value="2024-10-15"/>
    <property name="java.home" value="C:\Program Files\Java\jdk-17"/>
    <property name="file.separator" value="\"/>
    <property name="basedir" value="C:\Users\rhelt\Downloads\UdaSecuritySubmissionRev2\starter\security-service"/>
    <property name="java.vm.compressedOopsMode" value="Zero based"/>
    <property name="line.separator" value="&#10;"/>
    <property name="java.vm.specification.vendor" value="Oracle Corporation"/>
    <property name="java.specification.name" value="Java Platform API Specification"/>
    <property name="surefire.real.class.path" value="C:\Users\rhelt\.m2\repository\org\apache\maven\surefire\surefire-booter\3.0.0-M8\surefire-booter-3.0.0-M8.jar;C:\Users\rhelt\.m2\repository\org\apache\maven\surefire\surefire-api\3.0.0-M8\surefire-api-3.0.0-M8.jar;C:\Users\rhelt\.m2\repository\org\apache\maven\surefire\surefire-logger-api\3.0.0-M8\surefire-logger-api-3.0.0-M8.jar;C:\Users\rhelt\.m2\repository\org\apache\maven\surefire\surefire-shared-utils\3.0.0-M8\surefire-shared-utils-3.0.0-M8.jar;C:\Users\rhelt\.m2\repository\org\apache\maven\surefire\surefire-extensions-spi\3.0.0-M8\surefire-extensions-spi-3.0.0-M8.jar;C:\Users\rhelt\Downloads\UdaSecuritySubmissionRev2\starter\security-service\target\test-classes;C:\Users\rhelt\.m2\repository\org\mockito\mockito-junit-jupiter\4.11.0\mockito-junit-jupiter-4.11.0.jar;C:\Users\rhelt\.m2\repository\org\junit\jupiter\junit-jupiter-api\5.9.1\junit-jupiter-api-5.9.1.jar;C:\Users\rhelt\.m2\repository\org\opentest4j\opentest4j\1.2.0\opentest4j-1.2.0.jar;C:\Users\rhelt\.m2\repository\org\junit\platform\junit-platform-commons\1.9.1\junit-platform-commons-1.9.1.jar;C:\Users\rhelt\.m2\repository\org\apiguardian\apiguardian-api\1.1.2\apiguardian-api-1.1.2.jar;C:\Users\rhelt\.m2\repository\org\junit\jupiter\junit-jupiter\5.8.2\junit-jupiter-5.8.2.jar;C:\Users\rhelt\.m2\repository\org\junit\jupiter\junit-jupiter-params\5.8.2\junit-jupiter-params-5.8.2.jar;C:\Users\rhelt\.m2\repository\org\junit\jupiter\junit-jupiter-engine\5.8.2\junit-jupiter-engine-5.8.2.jar;C:\Users\rhelt\.m2\repository\org\junit\platform\junit-platform-engine\1.8.2\junit-platform-engine-1.8.2.jar;C:\Users\rhelt\.m2\repository\org\mockito\mockito-core\4.8.0\mockito-core-4.8.0.jar;C:\Users\rhelt\.m2\repository\net\bytebuddy\byte-buddy\1.12.14\byte-buddy-1.12.14.jar;C:\Users\rhelt\.m2\repository\net\bytebuddy\byte-buddy-agent\1.12.14\byte-buddy-agent-1.12.14.jar;C:\Users\rhelt\.m2\repository\org\objenesis\objenesis\3.2\objenesis-3.2.jar;C:\Users\rhelt\.m2\repository\com\google\guava\failureaccess\1.0.2\failureaccess-1.0.2.jar;C:\Users\rhelt\.m2\repository\com\google\guava\listenablefuture\9999.0-empty-to-avoid-conflict-with-guava\listenablefuture-9999.0-empty-to-avoid-conflict-with-guava.jar;C:\Users\rhelt\.m2\repository\com\google\code\findbugs\jsr305\3.0.2\jsr305-3.0.2.jar;C:\Users\rhelt\.m2\repository\org\checkerframework\checker-qual\3.41.0\checker-qual-3.41.0.jar;C:\Users\rhelt\.m2\repository\com\google\errorprone\error_prone_annotations\2.23.0\error_prone_annotations-2.23.0.jar;C:\Users\rhelt\.m2\repository\com\google\j2objc\j2objc-annotations\2.8\j2objc-annotations-2.8.jar;C:\Users\rhelt\.m2\repository\software\amazon\awssdk\aws-json-protocol\2.20.43\aws-json-protocol-2.20.43.jar;C:\Users\rhelt\.m2\repository\software\amazon\awssdk\third-party-jackson-core\2.20.43\third-party-jackson-core-2.20.43.jar;C:\Users\rhelt\.m2\repository\software\amazon\awssdk\protocol-core\2.20.43\protocol-core-2.20.43.jar;C:\Users\rhelt\.m2\repository\org\reactivestreams\reactive-streams\1.0.3\reactive-streams-1.0.3.jar;C:\Users\rhelt\.m2\repository\software\amazon\awssdk\http-client-spi\2.20.43\http-client-spi-2.20.43.jar;C:\Users\rhelt\.m2\repository\software\amazon\awssdk\annotations\2.20.43\annotations-2.20.43.jar;C:\Users\rhelt\.m2\repository\software\amazon\awssdk\utils\2.20.43\utils-2.20.43.jar;C:\Users\rhelt\.m2\repository\software\amazon\awssdk\aws-core\2.20.43\aws-core-2.20.43.jar;C:\Users\rhelt\.m2\repository\software\amazon\awssdk\metrics-spi\2.20.43\metrics-spi-2.20.43.jar;C:\Users\rhelt\.m2\repository\software\amazon\awssdk\json-utils\2.20.43\json-utils-2.20.43.jar;C:\Users\rhelt\.m2\repository\software\amazon\awssdk\endpoints-spi\2.20.43\endpoints-spi-2.20.43.jar;C:\Users\rhelt\.m2\repository\software\amazon\awssdk\apache-client\2.20.43\apache-client-2.20.43.jar;C:\Users\rhelt\.m2\repository\org\apache\httpcomponents\httpclient\4.5.13\httpclient-4.5.13.jar;C:\Users\rhelt\.m2\repository\commons-logging\commons-logging\1.2\commons-logging-1.2.jar;C:\Users\rhelt\.m2\repository\org\apache\httpcomponents\httpcore\4.4.13\httpcore-4.4.13.jar;C:\Users\rhelt\.m2\repository\commons-codec\commons-codec\1.15\commons-codec-1.15.jar;C:\Users\rhelt\.m2\repository\software\amazon\awssdk\netty-nio-client\2.20.43\netty-nio-client-2.20.43.jar;C:\Users\rhelt\.m2\repository\io\netty\netty-codec-http\4.1.86.Final\netty-codec-http-4.1.86.Final.jar;C:\Users\rhelt\.m2\repository\io\netty\netty-codec-http2\4.1.86.Final\netty-codec-http2-4.1.86.Final.jar;C:\Users\rhelt\.m2\repository\io\netty\netty-codec\4.1.86.Final\netty-codec-4.1.86.Final.jar;C:\Users\rhelt\.m2\repository\io\netty\netty-transport\4.1.86.Final\netty-transport-4.1.86.Final.jar;C:\Users\rhelt\.m2\repository\io\netty\netty-resolver\4.1.86.Final\netty-resolver-4.1.86.Final.jar;C:\Users\rhelt\.m2\repository\io\netty\netty-common\4.1.86.Final\netty-common-4.1.86.Final.jar;C:\Users\rhelt\.m2\repository\io\netty\netty-buffer\4.1.86.Final\netty-buffer-4.1.86.Final.jar;C:\Users\rhelt\.m2\repository\io\netty\netty-handler\4.1.86.Final\netty-handler-4.1.86.Final.jar;C:\Users\rhelt\.m2\repository\io\netty\netty-transport-native-unix-common\4.1.86.Final\netty-transport-native-unix-common-4.1.86.Final.jar;C:\Users\rhelt\.m2\repository\io\netty\netty-transport-classes-epoll\4.1.86.Final\netty-transport-classes-epoll-4.1.86.Final.jar;C:\Users\rhelt\.m2\repository\software\amazon\awssdk\profiles\2.20.43\profiles-2.20.43.jar;C:\Users\rhelt\.m2\repository\software\amazon\eventstream\eventstream\1.0.1\eventstream-1.0.1.jar;C:\Users\rhelt\.m2\repository\org\apache\maven\surefire\surefire-junit-platform\3.0.0-M8\surefire-junit-platform-3.0.0-M8.jar;C:\Users\rhelt\.m2\repository\org\apache\maven\surefire\common-java5\3.0.0-M8\common-java5-3.0.0-M8.jar;C:\Users\rhelt\.m2\repository\org\junit\platform\junit-platform-launcher\1.9.1\junit-platform-launcher-1.9.1.jar"/>
    <property name="user.script" value=""/>
    <property name="sun.management.compiler" value="HotSpot 64-Bit Tiered Compilers"/>
    <property name="java.runtime.version" value="17.0.13+10-LTS-268"/>
    <property name="user.name" value="rhelt"/>
    <property name="path.separator" value=";"/>
    <property name="os.version" value="10.0"/>
    <property name="java.runtime.name" value="Java(TM) SE Runtime Environment"/>
    <property name="file.encoding" value="Cp1252"/>
    <property name="java.vm.name" value="Java HotSpot(TM) 64-Bit Server VM"/>
    <property name="localRepository" value="C:\Users\rhelt\.m2\repository"/>
    <property name="java.vendor.url.bug" value="https://bugreport.java.com/bugreport/"/>
    <property name="java.io.tmpdir" value="C:\Users\rhelt\AppData\Local\Temp\"/>
    <property name="java.version" value="17.0.13"/>
    <property name="user.dir" value="C:\Users\rhelt\Downloads\UdaSecuritySubmissionRev2\starter\security-service"/>
    <property name="os.arch" value="amd64"/>
    <property name="java.vm.specification.name" value="Java Virtual Machine Specification"/>
    <property name="sun.os.patch.level" value=""/>
    <property name="native.encoding" value="Cp1252"/>
    <property name="java.library.path" value="C:\Program Files\Java\jdk-17\bin;C:\WINDOWS\Sun\Java\bin;C:\WINDOWS\system32;C:\WINDOWS;C:\Program Files (x86)\Microsoft SDKs\Azure\CLI2\wbin;C:\Python312\Scripts\;C:\Python312\;C:\Program Files\Java\jdk-17\bin;C:\Python38\Scripts\;C:\Python38\;C:\WINDOWS\system32;C:\WINDOWS;C:\WINDOWS\System32\Wbem;C:\WINDOWS\System32\WindowsPowerShell\v1.0\;C:\WINDOWS\System32\OpenSSH\;C:\Program Files\IDM Computer Solutions\UltraCompare;C:\Program Files (x86)\IDM Computer Solutions\UltraEdit;C:\apache-maven-3.9.9\bin;C:\ProgramData\chocolatey\bin;C:\Program Files\IDM Computer Solutions\UltraFinder;C:\Program Files\IDM Computer Solutions\UEStudio;C:\Program Files (x86)\PuTTY\;C:\Program Files\dotnet\;C:\Program Files\Microsoft\Azure Functions Core Tools\;C:\Program Files\Microsoft SQL Server\150\Tools\Binn\;C:\Program Files\Microsoft SQL Server\Client SDK\ODBC\170\Tools\Binn\;C:\Program Files\HP\HP One Agent;C:\Program Files\Git\cmd;C:\Program Files\nodejs\;C:\Users\rhelt\AppData\Local\Microsoft\WindowsApps;C:\Users\rhelt\AppData\Local\GitHubDesktop\bin;C:\Users\rhelt\AppData\Local\Programs\Microsoft VS Code\bin;C:\Users\rhelt\AppData\Local\Android\Sdk\platform-tools;C:\Users\rhelt\AppData\Local\Android\Sdk\emulator;C:\Users\rhelt\AppData\Local\Android\Sdk\tools\bin;C:\Users\rhelt\AppData\Local\Microsoft\WindowsApps;C:\Program Files\JetBrains\PyCharm 2023.2.1\bin;;C:\Users\rhelt\AppData\Local\Programs\Azure Dev CLI\;C:\Program Files\Tesseract-OCR;C:\Users\rhelt\.dotnet\tools;C:\Users\rhelt\AppData\Local\Programs\MiKTeX\miktex\bin\x64\;C:\Users\rhelt\AppData\Roaming\npm;."/>
    <property name="java.vm.info" value="mixed mode"/>
    <property name="java.vendor" value="Oracle Corporation"/>
    <property name="java.vm.version" value="17.0.13+10-LTS-268"/>
    <property name="java.specification.maintenance.version" value="1"/>
    <property name="sun.io.unicode.encoding" value="UnicodeLittle"/>
    <property name="java.class.version" value="61.0"/>
  </properties>
  <testcase name="whenSystemArmedAndPendingAndSensorActivated_thenAlarmStatusAlarm(ArmingStatus)[1]" classname="com.udacity.catpoint.security.service.SecurityServiceTest" time="0.216"/>
  <testcase name="whenSystemArmedAndPendingAndSensorActivated_thenAlarmStatusAlarm(ArmingStatus)[2]" classname="com.udacity.catpoint.security.service.SecurityServiceTest" time="0.008"/>
  <testcase name="whenSensorAlreadyActiveAndActivatedAgainWhilePending_thenAlarmStatusAlarm" classname="com.udacity.catpoint.security.service.SecurityServiceTest" time="0.007"/>
  <testcase name="whenSensorAlreadyInactiveAndDeactivatedAgain_thenNoEffectOnAlarmState" classname="com.udacity.catpoint.security.service.SecurityServiceTest" time="0.007"/>
  <testcase name="whenAlarmActiveAndSensorStateChanges_thenNoEffectOnAlarmState" classname="com.udacity.catpoint.security.service.SecurityServiceTest" time="0.006"/>
  <testcase name="whenSystemArmedAndSensorActivated_thenAlarmStatusPending(ArmingStatus)[1]" classname="com.udacity.catpoint.security.service.SecurityServiceTest" time="0.007"/>
  <testcase name="whenSystemArmedAndSensorActivated_thenAlarmStatusPending(ArmingStatus)[2]" classname="com.udacity.catpoint.security.service.SecurityServiceTest" time="0.005"/>
  <testcase name="whenNoCatDetectedAndAllSensorsInactive_thenAlarmStatusNoAlarm" classname="com.udacity.catpoint.security.service.SecurityServiceTest" time="0.008"/>
  <testcase name="whenAllSensorsInactiveWhilePendingAlarm_thenAlarmStatusNoAlarm" classname="com.udacity.catpoint.security.service.SecurityServiceTest" time="0.005"/>
  <testcase name="whenSystemArmedHomeAndCatDetected_thenAlarmStatusAlarm" classname="com.udacity.catpoint.security.service.SecurityServiceTest" time="0.006"/>
  <testcase name="whenSystemArmed_thenAllSensorsResetToInactive(ArmingStatus)[1]" classname="com.udacity.catpoint.security.service.SecurityServiceTest" time="0.006"/>
  <testcase name="whenSystemArmed_thenAllSensorsResetToInactive(ArmingStatus)[2]" classname="com.udacity.catpoint.security.service.SecurityServiceTest" time="0.005"/>
  <testcase name="whenSystemArmedHomeAndCatDetected_thenAlarmStatusAlarmAgain" classname="com.udacity.catpoint.security.service.SecurityServiceTest" time="0.005"/>
  <testcase name="whenSystemDisarmed_thenAlarmStatusNoAlarm" classname="com.udacity.catpoint.security.service.SecurityServiceTest" time="0.004"/>
</testsuite>